<?xml version="1.0" encoding="UTF-8"?>
<testsuite name="Login Test"
           tests="5"
           failures="0"
           errors="0"
           skipped="0"
           time="17.288">
  <properties />
  
  
            <testcase name="verifyThatUserShouldBuildYourOwnComputerAndAddToCartSuccessfully" time="5.181" classname="com.nopcommerce.demo.testsuite.ComputerPageTest" />
                <testcase name="verifyThatUserShouldBuildYourOwnComputerAndAddToCartSuccessfully" time="4.743" classname="com.nopcommerce.demo.testsuite.ComputerPageTest" />
                <testcase name="verifyUserShouldNavigateToDesktopsPageSuccessfully" time="1.536" classname="com.nopcommerce.demo.testsuite.ComputerPageTest" />
                <testcase name="verifyThatUserShouldBuildYourOwnComputerAndAddToCartSuccessfully" time="4.770" classname="com.nopcommerce.demo.testsuite.ComputerPageTest" />
                <testcase name="verifyUserShouldNavigateToComputerPageSuccessfully" time="1.058" classname="com.nopcommerce.demo.testsuite.ComputerPageTest" />
      
</testsuite>
